<?xml version="1.0" encoding="UTF-8"?>
<!-- Generated by org.testng.reporters.JUnitXMLReporter -->
<testsuite ignored="0" hostname="LTIN520230" failures="0" tests="9" name="Default test" time="218.523" errors="0" timestamp="2024-04-04T11:41:36 IST">
  <testcase classname="casproject.TestClass" name="LoginPage" time="27.462"/>
  <testcase classname="casproject.TestClass" name="validateUser" time="9.758"/>
  <testcase classname="casproject.TestClass" name="validateAroundCognizant" time="0.674"/>
  <testcase classname="casproject.TestClass" name="CountNews" time="3.677"/>
  <testcase classname="casproject.TestClass" name="VerifyTooltip" time="20.041"/>
  <testcase classname="casproject.TestClass" name="clickSeeAll" time="6.503"/>
  <testcase classname="casproject.TestClass" name="SecondPage" time="5.374"/>
  <testcase classname="casproject.TestClass" name="VerifyNews" time="0.002"/>
  <testcase classname="casproject.TestClass" name="printNews" time="104.746"/>
</testsuite> <!-- Default test -->
