<?xml version="1.0" encoding="UTF-8"?>
<!-- Generated by org.testng.reporters.JUnitXMLReporter -->
<testsuite ignored="0" hostname="LTIN520230" failures="0" tests="9" name="Test" time="144.764" errors="0" timestamp="2024-04-07T11:44:33 IST">
  <testcase classname="casproject.TestClass" name="LoginPage" time="23.866"/>
  <testcase classname="casproject.TestClass" name="validateUser" time="6.331"/>
  <testcase classname="casproject.TestClass" name="validateAroundCognizant" time="0.392"/>
  <testcase classname="casproject.TestClass" name="CountNews" time="3.528"/>
  <testcase classname="casproject.TestClass" name="VerifyTooltip" time="20.025"/>
  <testcase classname="casproject.TestClass" name="clickSeeAll" time="2.387"/>
  <testcase classname="casproject.TestClass" name="SecondPage" time="5.459"/>
  <testcase classname="casproject.TestClass" name="VerifyNews" time="0.001"/>
  <testcase classname="casproject.TestClass" name="printNews" time="73.143"/>
</testsuite> <!-- Test -->
