<?xml version="1.0" encoding="UTF-8"?>
<testng-results ignored="0" total="9" passed="9" failed="0" skipped="0">
  <reporter-output>
  </reporter-output>
  <suite started-at="2024-04-07T11:42:08 IST" name="Suite" finished-at="2024-04-07T11:44:33 IST" duration-ms="144764">
    <groups>
    </groups>
    <test started-at="2024-04-07T11:42:08 IST" name="Test" finished-at="2024-04-07T11:44:33 IST" duration-ms="144764">
      <class name="casproject.TestClass">
        <test-method is-config="true" signature="navigate()[pri:0, instance:casproject.TestClass@1c5920df]" started-at="2024-04-07T11:42:09 IST" name="navigate" finished-at="2024-04-07T11:42:16 IST" duration-ms="7767" status="PASS">
          <reporter-output>
          </reporter-output>
        </test-method> <!-- navigate -->
        <test-method signature="LoginPage()[pri:0, instance:casproject.TestClass@1c5920df]" started-at="2024-04-07T11:42:17 IST" name="LoginPage" finished-at="2024-04-07T11:42:40 IST" duration-ms="23866" status="PASS">
          <reporter-output>
          </reporter-output>
        </test-method> <!-- LoginPage -->
        <test-method signature="validateUser()[pri:1, instance:casproject.TestClass@1c5920df]" started-at="2024-04-07T11:42:40 IST" name="validateUser" finished-at="2024-04-07T11:42:47 IST" duration-ms="6331" status="PASS">
          <reporter-output>
          </reporter-output>
        </test-method> <!-- validateUser -->
        <test-method signature="validateAroundCognizant()[pri:2, instance:casproject.TestClass@1c5920df]" started-at="2024-04-07T11:42:47 IST" name="validateAroundCognizant" finished-at="2024-04-07T11:42:47 IST" duration-ms="392" status="PASS">
          <reporter-output>
          </reporter-output>
        </test-method> <!-- validateAroundCognizant -->
        <test-method signature="CountNews()[pri:3, instance:casproject.TestClass@1c5920df]" started-at="2024-04-07T11:42:47 IST" name="CountNews" finished-at="2024-04-07T11:42:51 IST" duration-ms="3528" status="PASS">
          <reporter-output>
          </reporter-output>
        </test-method> <!-- CountNews -->
        <test-method signature="VerifyTooltip()[pri:4, instance:casproject.TestClass@1c5920df]" started-at="2024-04-07T11:42:51 IST" name="VerifyTooltip" finished-at="2024-04-07T11:43:11 IST" duration-ms="20025" status="PASS">
          <reporter-output>
          </reporter-output>
        </test-method> <!-- VerifyTooltip -->
        <test-method signature="clickSeeAll()[pri:5, instance:casproject.TestClass@1c5920df]" started-at="2024-04-07T11:43:11 IST" name="clickSeeAll" finished-at="2024-04-07T11:43:13 IST" duration-ms="2387" status="PASS">
          <reporter-output>
          </reporter-output>
        </test-method> <!-- clickSeeAll -->
        <test-method signature="SecondPage()[pri:6, instance:casproject.TestClass@1c5920df]" started-at="2024-04-07T11:43:13 IST" name="SecondPage" finished-at="2024-04-07T11:43:19 IST" depends-on-methods="casproject.TestClass.clickSeeAll" duration-ms="5459" status="PASS">
          <reporter-output>
          </reporter-output>
        </test-method> <!-- SecondPage -->
        <test-method signature="VerifyNews()[pri:7, instance:casproject.TestClass@1c5920df]" started-at="2024-04-07T11:43:19 IST" name="VerifyNews" finished-at="2024-04-07T11:43:19 IST" depends-on-methods="casproject.TestClass.SecondPage, casproject.TestClass.clickSeeAll" duration-ms="1" status="PASS">
          <reporter-output>
          </reporter-output>
        </test-method> <!-- VerifyNews -->
        <test-method signature="printNews()[pri:8, instance:casproject.TestClass@1c5920df]" started-at="2024-04-07T11:43:19 IST" name="printNews" finished-at="2024-04-07T11:44:32 IST" duration-ms="73143" status="PASS">
          <reporter-output>
          </reporter-output>
        </test-method> <!-- printNews -->
        <test-method is-config="true" signature="close()[pri:0, instance:casproject.TestClass@1c5920df]" started-at="2024-04-07T11:44:32 IST" name="close" finished-at="2024-04-07T11:44:33 IST" duration-ms="1212" status="PASS">
          <reporter-output>
          </reporter-output>
        </test-method> <!-- close -->
      </class> <!-- casproject.TestClass -->
    </test> <!-- Test -->
  </suite> <!-- Suite -->
</testng-results>
